{"name": "test_buy_product_1", "status": "broken", "statusDetails": {"message": "selenium.common.exceptions.TimeoutException: Message: \nStacktrace:\n\tGetHandleVerifier [0x00EDD933+25811]\n\t(No symbol) [0x00E6E314]\n\t(No symbol) [0x00D62523]\n\t(No symbol) [0x00DA7483]\n\t(No symbol) [0x00DA765B]\n\t(No symbol) [0x00DE6BA2]\n\t(No symbol) [0x00DCAD74]\n\t(No symbol) [0x00DE46F0]\n\t(No symbol) [0x00DCAAC6]\n\t(No symbol) [0x00D9BEFD]\n\t(No symbol) [0x00D9C8FD]\n\tGetHandleVerifier [0x011AF143+2981091]\n\tGetHandleVerifier [0x01202FF9+3324825]\n\tGetHandleVerifier [0x00F6B32F+605903]\n\tGetHandleVerifier [0x00F72CBC+637020]\n\t(No symbol) [0x00E76F4D]\n\t(No symbol) [0x00E73DD8]\n\t(No symbol) [0x00E73F75]\n\t(No symbol) [0x00E66406]\n\tBaseThreadInitThunk [0x757E7BA9+25]\n\tRtlInitializeExceptionChain [0x77AFC10B+107]\n\tRtlClearBits [0x77AFC08F+191]", "trace": "set_up = None, set_group = None\n\n    @allure.description(\"Test buy product 1\")\n    def  test_buy_product_1(set_up, set_group):\n        driver = webdriver.Chrome(options=options, service=ChromeService(ChromeDriverManager().install()))\n    \n        print('Start test 1')\n    \n        login = LoginPage(driver)\n        login.authorization()\n    \n        mp = MainPage(driver)\n>       mp.select_products_1()\n\ntests\\test_buy_product.py:32: \n_ _ _ _ _ _ _ _ _ _ _ _ _ _ _ _ _ _ _ _ _ _ _ _ _ _ _ _ _ _ _ _ _ _ _ _ _ _ _ _ _ _ _ _ _ _ _ _ _ _ _ _ _ _ _ _ _ _ _ _ _ _ _ _ \npages\\main_page.py:80: in select_products_1\n    self.click_select_product_1()\npages\\main_page.py:48: in click_select_product_1\n    self.get_select_product_1().click()\npages\\main_page.py:27: in get_select_product_1\n    return WebDriverWait(self.driver, 30).until(EC.element_to_be_clickable((By.XPATH, self.select_product_1)))\n_ _ _ _ _ _ _ _ _ _ _ _ _ _ _ _ _ _ _ _ _ _ _ _ _ _ _ _ _ _ _ _ _ _ _ _ _ _ _ _ _ _ _ _ _ _ _ _ _ _ _ _ _ _ _ _ _ _ _ _ _ _ _ _ \n\nself = <selenium.webdriver.support.wait.WebDriverWait (session=\"dab86102ed577484f90b11774435f03c\")>\nmethod = <function element_to_be_clickable.<locals>._predicate at 0x0000017641FADFC0>, message = ''\n\n    def until(self, method: Callable[[D], Union[Literal[False], T]], message: str = \"\") -> T:\n        \"\"\"Calls the method provided with the driver as an argument until the \\\n        return value does not evaluate to ``False``.\n    \n        :param method: callable(WebDriver)\n        :param message: optional message for :exc:`TimeoutException`\n        :returns: the result of the last call to `method`\n        :raises: :exc:`selenium.common.exceptions.TimeoutException` if timeout occurs\n        \"\"\"\n        screen = None\n        stacktrace = None\n    \n        end_time = time.monotonic() + self._timeout\n        while True:\n            try:\n                value = method(self._driver)\n                if value:\n                    return value\n            except self._ignored_exceptions as exc:\n                screen = getattr(exc, \"screen\", None)\n                stacktrace = getattr(exc, \"stacktrace\", None)\n            time.sleep(self._poll)\n            if time.monotonic() > end_time:\n                break\n>       raise TimeoutException(message, screen, stacktrace)\nE       selenium.common.exceptions.TimeoutException: Message: \nE       Stacktrace:\nE       \tGetHandleVerifier [0x00EDD933+25811]\nE       \t(No symbol) [0x00E6E314]\nE       \t(No symbol) [0x00D62523]\nE       \t(No symbol) [0x00DA7483]\nE       \t(No symbol) [0x00DA765B]\nE       \t(No symbol) [0x00DE6BA2]\nE       \t(No symbol) [0x00DCAD74]\nE       \t(No symbol) [0x00DE46F0]\nE       \t(No symbol) [0x00DCAAC6]\nE       \t(No symbol) [0x00D9BEFD]\nE       \t(No symbol) [0x00D9C8FD]\nE       \tGetHandleVerifier [0x011AF143+2981091]\nE       \tGetHandleVerifier [0x01202FF9+3324825]\nE       \tGetHandleVerifier [0x00F6B32F+605903]\nE       \tGetHandleVerifier [0x00F72CBC+637020]\nE       \t(No symbol) [0x00E76F4D]\nE       \t(No symbol) [0x00E73DD8]\nE       \t(No symbol) [0x00E73F75]\nE       \t(No symbol) [0x00E66406]\nE       \tBaseThreadInitThunk [0x757E7BA9+25]\nE       \tRtlInitializeExceptionChain [0x77AFC10B+107]\nE       \tRtlClearBits [0x77AFC08F+191]\n\nvenv\\lib\\site-packages\\selenium\\webdriver\\support\\wait.py:105: TimeoutException"}, "description": "Test buy product 1", "steps": [{"name": "Authorization", "status": "passed", "start": 1726297980383, "stop": 1726297981622}, {"name": "Select products 1", "status": "broken", "statusDetails": {"message": "selenium.common.exceptions.TimeoutException: Message: \nStacktrace:\n\tGetHandleVerifier [0x00EDD933+25811]\n\t(No symbol) [0x00E6E314]\n\t(No symbol) [0x00D62523]\n\t(No symbol) [0x00DA7483]\n\t(No symbol) [0x00DA765B]\n\t(No symbol) [0x00DE6BA2]\n\t(No symbol) [0x00DCAD74]\n\t(No symbol) [0x00DE46F0]\n\t(No symbol) [0x00DCAAC6]\n\t(No symbol) [0x00D9BEFD]\n\t(No symbol) [0x00D9C8FD]\n\tGetHandleVerifier [0x011AF143+2981091]\n\tGetHandleVerifier [0x01202FF9+3324825]\n\tGetHandleVerifier [0x00F6B32F+605903]\n\tGetHandleVerifier [0x00F72CBC+637020]\n\t(No symbol) [0x00E76F4D]\n\t(No symbol) [0x00E73DD8]\n\t(No symbol) [0x00E73F75]\n\t(No symbol) [0x00E66406]\n\tBaseThreadInitThunk [0x757E7BA9+25]\n\tRtlInitializeExceptionChain [0x77AFC10B+107]\n\tRtlClearBits [0x77AFC08F+191]\n\n", "trace": "  File \"C:\\Users\\Oksana\\AQA\\main_project\\pages\\main_page.py\", line 80, in select_products_1\n    self.click_select_product_1()\n  File \"C:\\Users\\Oksana\\AQA\\main_project\\pages\\main_page.py\", line 48, in click_select_product_1\n    self.get_select_product_1().click()\n  File \"C:\\Users\\Oksana\\AQA\\main_project\\pages\\main_page.py\", line 27, in get_select_product_1\n    return WebDriverWait(self.driver, 30).until(EC.element_to_be_clickable((By.XPATH, self.select_product_1)))\n  File \"C:\\Users\\Oksana\\AQA\\main_project\\venv\\lib\\site-packages\\selenium\\webdriver\\support\\wait.py\", line 105, in until\n    raise TimeoutException(message, screen, stacktrace)\n"}, "start": 1726297981622, "stop": 1726298012106}], "attachments": [{"name": "stdout", "source": "79b32403-15c8-4901-8950-7f1cf228f13e-attachment.txt", "type": "text/plain"}], "start": 1726297977893, "stop": 1726298012108, "uuid": "dffafe50-61d5-43c1-96d4-6390305c354b", "historyId": "921e569ef0e667b7ca50b3357f391e4e", "testCaseId": "921e569ef0e667b7ca50b3357f391e4e", "fullName": "tests.test_buy_product#test_buy_product_1", "labels": [{"name": "parentSuite", "value": "tests"}, {"name": "suite", "value": "test_buy_product"}, {"name": "host", "value": "DESKTOP-D6BFM51"}, {"name": "thread", "value": "21500-MainThread"}, {"name": "framework", "value": "pytest"}, {"name": "language", "value": "cpython3"}, {"name": "package", "value": "tests.test_buy_product"}]}